[0.593s] DEBUG:colcon:Command line arguments: ['/usr/bin/colcon', 'build', '--packages-select', 'px4_driver']
[0.594s] DEBUG:colcon:Parsed command line arguments: Namespace(log_base=None, log_level=None, verb_name='build', build_base='build', install_base='install', merge_install=False, symlink_install=False, test_result_base=None, continue_on_error=False, executor='parallel', parallel_workers=4, event_handlers=None, ignore_user_meta=False, metas=['./colcon.meta'], base_paths=['.'], packages_ignore=None, packages_ignore_regex=None, paths=None, packages_up_to=None, packages_up_to_regex=None, packages_above=None, packages_above_and_dependencies=None, packages_above_depth=None, packages_select_by_dep=None, packages_skip_by_dep=None, packages_skip_up_to=None, packages_select_build_failed=False, packages_skip_build_finished=False, packages_select_test_failures=False, packages_skip_test_passed=False, packages_select=['px4_driver'], packages_skip=None, packages_select_regex=None, packages_skip_regex=None, packages_start=None, packages_end=None, allow_overriding=[], cmake_args=None, cmake_target=None, cmake_target_skip_unavailable=False, cmake_clean_cache=False, cmake_clean_first=False, cmake_force_configure=False, ament_cmake_args=None, catkin_cmake_args=None, catkin_skip_building_tests=False, mixin_files=None, mixin=None, verb_parser=<colcon_mixin.mixin.mixin_argument.MixinArgumentDecorator object at 0xffffb561d1b0>, verb_extension=<colcon_core.verb.build.BuildVerb object at 0xffffb576d8d0>, main=<bound method BuildVerb.main of <colcon_core.verb.build.BuildVerb object at 0xffffb576d8d0>>, mixin_verb=('build',))
[1.692s] Level 1:colcon.colcon_core.package_discovery:discover_packages(colcon_meta) check parameters
[1.693s] Level 1:colcon.colcon_core.package_discovery:discover_packages(recursive) check parameters
[1.693s] Level 1:colcon.colcon_core.package_discovery:discover_packages(ignore) check parameters
[1.693s] Level 1:colcon.colcon_core.package_discovery:discover_packages(path) check parameters
[1.693s] Level 1:colcon.colcon_core.package_discovery:discover_packages(colcon_meta) discover
[1.694s] Level 1:colcon.colcon_core.package_discovery:discover_packages(recursive) discover
[1.694s] INFO:colcon.colcon_core.package_discovery:Crawling recursively for packages in '/home/droneqsm/px4_ws/src/px4_driver'
[1.695s] Level 1:colcon.colcon_core.package_identification:_identify(.) by extensions ['ignore', 'ignore_ament_install']
[1.696s] Level 1:colcon.colcon_core.package_identification:_identify(.) by extension 'ignore'
[1.696s] Level 1:colcon.colcon_core.package_identification:_identify(.) by extension 'ignore_ament_install'
[1.697s] Level 1:colcon.colcon_core.package_identification:_identify(.) by extensions ['colcon_pkg']
[1.697s] Level 1:colcon.colcon_core.package_identification:_identify(.) by extension 'colcon_pkg'
[1.698s] Level 1:colcon.colcon_core.package_identification:_identify(.) by extensions ['colcon_meta']
[1.698s] Level 1:colcon.colcon_core.package_identification:_identify(.) by extension 'colcon_meta'
[1.699s] Level 1:colcon.colcon_core.package_identification:_identify(.) by extensions ['ros']
[1.699s] Level 1:colcon.colcon_core.package_identification:_identify(.) by extension 'ros'
[1.787s] DEBUG:colcon.colcon_core.package_identification:Package '.' with type 'ros.ament_python' and name 'px4_driver'
[1.788s] Level 1:colcon.colcon_core.package_discovery:discover_packages(recursive) using defaults
[1.788s] Level 1:colcon.colcon_core.package_discovery:discover_packages(ignore) discover
[1.788s] Level 1:colcon.colcon_core.package_discovery:discover_packages(ignore) using defaults
[1.788s] Level 1:colcon.colcon_core.package_discovery:discover_packages(path) discover
[1.788s] Level 1:colcon.colcon_core.package_discovery:discover_packages(path) using defaults
[1.906s] Level 1:colcon.colcon_core.package_discovery:discover_packages(prefix_path) check parameters
[1.906s] Level 1:colcon.colcon_core.package_discovery:discover_packages(prefix_path) discover
[1.921s] DEBUG:colcon.colcon_installed_package_information.package_discovery:Found 2 installed packages in /home/droneqsm/px4_ws/install
[1.929s] DEBUG:colcon.colcon_installed_package_information.package_discovery:Found 181 installed packages in /opt/ros/humble
[1.934s] Level 1:colcon.colcon_core.package_discovery:discover_packages(prefix_path) using defaults
[2.093s] Level 5:colcon.colcon_core.verb:set package 'px4_driver' build argument 'cmake_args' from command line to 'None'
[2.093s] Level 5:colcon.colcon_core.verb:set package 'px4_driver' build argument 'cmake_target' from command line to 'None'
[2.093s] Level 5:colcon.colcon_core.verb:set package 'px4_driver' build argument 'cmake_target_skip_unavailable' from command line to 'False'
[2.093s] Level 5:colcon.colcon_core.verb:set package 'px4_driver' build argument 'cmake_clean_cache' from command line to 'False'
[2.093s] Level 5:colcon.colcon_core.verb:set package 'px4_driver' build argument 'cmake_clean_first' from command line to 'False'
[2.094s] Level 5:colcon.colcon_core.verb:set package 'px4_driver' build argument 'cmake_force_configure' from command line to 'False'
[2.094s] Level 5:colcon.colcon_core.verb:set package 'px4_driver' build argument 'ament_cmake_args' from command line to 'None'
[2.094s] Level 5:colcon.colcon_core.verb:set package 'px4_driver' build argument 'catkin_cmake_args' from command line to 'None'
[2.094s] Level 5:colcon.colcon_core.verb:set package 'px4_driver' build argument 'catkin_skip_building_tests' from command line to 'False'
[2.094s] DEBUG:colcon.colcon_core.verb:Building package 'px4_driver' with the following arguments: {'ament_cmake_args': None, 'build_base': '/home/droneqsm/px4_ws/src/px4_driver/build/px4_driver', 'catkin_cmake_args': None, 'catkin_skip_building_tests': False, 'cmake_args': None, 'cmake_clean_cache': False, 'cmake_clean_first': False, 'cmake_force_configure': False, 'cmake_target': None, 'cmake_target_skip_unavailable': False, 'install_base': '/home/droneqsm/px4_ws/src/px4_driver/install/px4_driver', 'merge_install': False, 'path': '/home/droneqsm/px4_ws/src/px4_driver', 'symlink_install': False, 'test_result_base': None}
[2.094s] INFO:colcon.colcon_core.executor:Executing jobs using 'parallel' executor
[2.098s] DEBUG:colcon.colcon_parallel_executor.executor.parallel:run_until_complete
[2.099s] INFO:colcon.colcon_ros.task.ament_python.build:Building ROS package in '/home/droneqsm/px4_ws/src/px4_driver' with build type 'ament_python'
[2.100s] Level 1:colcon.colcon_core.shell:create_environment_hook('px4_driver', 'ament_prefix_path')
[2.116s] INFO:colcon.colcon_core.plugin_system:Skipping extension 'colcon_core.shell.bat': Not used on non-Windows systems
[2.117s] INFO:colcon.colcon_core.shell:Creating environment hook '/home/droneqsm/px4_ws/src/px4_driver/install/px4_driver/share/px4_driver/hook/ament_prefix_path.ps1'
[2.121s] INFO:colcon.colcon_core.shell:Creating environment descriptor '/home/droneqsm/px4_ws/src/px4_driver/install/px4_driver/share/px4_driver/hook/ament_prefix_path.dsv'
[2.124s] INFO:colcon.colcon_core.shell:Creating environment hook '/home/droneqsm/px4_ws/src/px4_driver/install/px4_driver/share/px4_driver/hook/ament_prefix_path.sh'
[2.128s] INFO:colcon.colcon_core.shell:Skip shell extension 'powershell' for command environment: Not usable outside of PowerShell
[2.128s] DEBUG:colcon.colcon_core.shell:Skip shell extension 'dsv' for command environment
[3.319s] INFO:colcon.colcon_core.task.python.build:Building Python package in '/home/droneqsm/px4_ws/src/px4_driver'
[3.320s] INFO:colcon.colcon_core.shell:Skip shell extension 'powershell' for command environment: Not usable outside of PowerShell
[3.321s] DEBUG:colcon.colcon_core.shell:Skip shell extension 'dsv' for command environment
[5.470s] DEBUG:colcon.colcon_core.event_handler.log_command:Invoking command in '/home/droneqsm/px4_ws/src/px4_driver': PYTHONPATH=/home/droneqsm/px4_ws/src/px4_driver/build/px4_driver/prefix_override:/home/droneqsm/px4_ws/src/px4_driver/install/px4_driver/lib/python3.10/site-packages:${PYTHONPATH} /usr/bin/python3 -W ignore:setup.py install is deprecated setup.py egg_info --egg-base build/px4_driver build --build-base /home/droneqsm/px4_ws/src/px4_driver/build/px4_driver/build install --record /home/droneqsm/px4_ws/src/px4_driver/build/px4_driver/install.log --single-version-externally-managed install_data
[7.544s] DEBUG:colcon.colcon_core.event_handler.log_command:Invoked command in '/home/droneqsm/px4_ws/src/px4_driver' returned '0': PYTHONPATH=/home/droneqsm/px4_ws/src/px4_driver/build/px4_driver/prefix_override:/home/droneqsm/px4_ws/src/px4_driver/install/px4_driver/lib/python3.10/site-packages:${PYTHONPATH} /usr/bin/python3 -W ignore:setup.py install is deprecated setup.py egg_info --egg-base build/px4_driver build --build-base /home/droneqsm/px4_ws/src/px4_driver/build/px4_driver/build install --record /home/droneqsm/px4_ws/src/px4_driver/build/px4_driver/install.log --single-version-externally-managed install_data
[7.564s] Level 1:colcon.colcon_core.environment:checking '/home/droneqsm/px4_ws/src/px4_driver/install/px4_driver' for CMake module files
[7.567s] Level 1:colcon.colcon_core.environment:checking '/home/droneqsm/px4_ws/src/px4_driver/install/px4_driver' for CMake config files
[7.571s] Level 1:colcon.colcon_core.environment:checking '/home/droneqsm/px4_ws/src/px4_driver/install/px4_driver/lib'
[7.572s] Level 1:colcon.colcon_core.environment:checking '/home/droneqsm/px4_ws/src/px4_driver/install/px4_driver/bin'
[7.572s] Level 1:colcon.colcon_core.environment:checking '/home/droneqsm/px4_ws/src/px4_driver/install/px4_driver/lib/pkgconfig/px4_driver.pc'
[7.574s] Level 1:colcon.colcon_core.environment:checking '/home/droneqsm/px4_ws/src/px4_driver/install/px4_driver/lib/python3.10/site-packages'
[7.574s] Level 1:colcon.colcon_core.shell:create_environment_hook('px4_driver', 'pythonpath')
[7.575s] INFO:colcon.colcon_core.shell:Creating environment hook '/home/droneqsm/px4_ws/src/px4_driver/install/px4_driver/share/px4_driver/hook/pythonpath.ps1'
[7.577s] INFO:colcon.colcon_core.shell:Creating environment descriptor '/home/droneqsm/px4_ws/src/px4_driver/install/px4_driver/share/px4_driver/hook/pythonpath.dsv'
[7.578s] INFO:colcon.colcon_core.shell:Creating environment hook '/home/droneqsm/px4_ws/src/px4_driver/install/px4_driver/share/px4_driver/hook/pythonpath.sh'
[7.581s] Level 1:colcon.colcon_core.environment:checking '/home/droneqsm/px4_ws/src/px4_driver/install/px4_driver/bin'
[7.581s] Level 1:colcon.colcon_core.environment:create_environment_scripts_only(px4_driver)
[7.582s] INFO:colcon.colcon_core.shell:Creating package script '/home/droneqsm/px4_ws/src/px4_driver/install/px4_driver/share/px4_driver/package.ps1'
[7.586s] INFO:colcon.colcon_core.shell:Creating package descriptor '/home/droneqsm/px4_ws/src/px4_driver/install/px4_driver/share/px4_driver/package.dsv'
[7.590s] INFO:colcon.colcon_core.shell:Creating package script '/home/droneqsm/px4_ws/src/px4_driver/install/px4_driver/share/px4_driver/package.sh'
[7.593s] INFO:colcon.colcon_core.shell:Creating package script '/home/droneqsm/px4_ws/src/px4_driver/install/px4_driver/share/px4_driver/package.bash'
[7.597s] INFO:colcon.colcon_core.shell:Creating package script '/home/droneqsm/px4_ws/src/px4_driver/install/px4_driver/share/px4_driver/package.zsh'
[7.601s] Level 1:colcon.colcon_core.environment:create_file_with_runtime_dependencies(/home/droneqsm/px4_ws/src/px4_driver/install/px4_driver/share/colcon-core/packages/px4_driver)
[7.602s] DEBUG:colcon.colcon_parallel_executor.executor.parallel:closing loop
[7.603s] DEBUG:colcon.colcon_parallel_executor.executor.parallel:loop closed
[7.604s] DEBUG:colcon.colcon_parallel_executor.executor.parallel:run_until_complete finished with '0'
[7.604s] DEBUG:colcon.colcon_core.event_reactor:joining thread
[7.633s] INFO:colcon.colcon_core.plugin_system:Skipping extension 'colcon_notification.desktop_notification.notify_send': Could not find 'notify-send'
[7.633s] INFO:colcon.colcon_core.plugin_system:Skipping extension 'colcon_notification.desktop_notification.terminal_notifier': Not used on non-Darwin systems
[7.633s] INFO:colcon.colcon_core.plugin_system:Skipping extension 'colcon_notification.desktop_notification.win32': Not used on non-Windows systems
[7.634s] INFO:colcon.colcon_notification.desktop_notification:Sending desktop notification using 'notify2'
[7.665s] DEBUG:colcon.colcon_notification.desktop_notification.notify2:Failed to initialize notify2: org.freedesktop.DBus.Error.ServiceUnknown: The name org.freedesktop.Notifications was not provided by any .service files
[7.666s] DEBUG:colcon.colcon_core.event_reactor:joined thread
[7.667s] INFO:colcon.colcon_core.shell:Creating prefix script '/home/droneqsm/px4_ws/src/px4_driver/install/local_setup.ps1'
[7.672s] INFO:colcon.colcon_core.shell:Creating prefix util module '/home/droneqsm/px4_ws/src/px4_driver/install/_local_setup_util_ps1.py'
[7.679s] INFO:colcon.colcon_core.shell:Creating prefix chain script '/home/droneqsm/px4_ws/src/px4_driver/install/setup.ps1'
[7.684s] INFO:colcon.colcon_core.shell:Creating prefix script '/home/droneqsm/px4_ws/src/px4_driver/install/local_setup.sh'
[7.688s] INFO:colcon.colcon_core.shell:Creating prefix util module '/home/droneqsm/px4_ws/src/px4_driver/install/_local_setup_util_sh.py'
[7.691s] INFO:colcon.colcon_core.shell:Creating prefix chain script '/home/droneqsm/px4_ws/src/px4_driver/install/setup.sh'
[7.696s] INFO:colcon.colcon_core.shell:Creating prefix script '/home/droneqsm/px4_ws/src/px4_driver/install/local_setup.bash'
[7.699s] INFO:colcon.colcon_core.shell:Creating prefix chain script '/home/droneqsm/px4_ws/src/px4_driver/install/setup.bash'
[7.704s] INFO:colcon.colcon_core.shell:Creating prefix script '/home/droneqsm/px4_ws/src/px4_driver/install/local_setup.zsh'
[7.708s] INFO:colcon.colcon_core.shell:Creating prefix chain script '/home/droneqsm/px4_ws/src/px4_driver/install/setup.zsh'
